Analysis & Synthesis report for tpsba
Fri Jan 03 17:34:28 2020
Quartus II 64-Bit Version 13.1.0 Build 162 10/23/2013 SJ Web Edition


---------------------
; Table of Contents ;
---------------------
  1. Legal Notice
  2. Analysis & Synthesis Summary
  3. Analysis & Synthesis Settings
  4. Parallel Compilation
  5. Analysis & Synthesis Source Files Read
  6. Analysis & Synthesis Resource Usage Summary
  7. Analysis & Synthesis Resource Utilization by Entity
  8. Analysis & Synthesis DSP Block Usage Summary
  9. State Machine - |tpsba|taylor_state
 10. State Machine - |tpsba|state_2
 11. Registers Removed During Synthesis
 12. General Register Statistics
 13. Inverted Register Statistics
 14. Multiplexer Restructuring Statistics (Restructuring Performed)
 15. Elapsed Time Per Partition
 16. Analysis & Synthesis Messages
 17. Analysis & Synthesis Suppressed Messages



----------------
; Legal Notice ;
----------------
Copyright (C) 1991-2013 Altera Corporation
Your use of Altera Corporation's design tools, logic functions 
and other software and tools, and its AMPP partner logic 
functions, and any output files from any of the foregoing 
(including device programming or simulation files), and any 
associated documentation or information are expressly subject 
to the terms and conditions of the Altera Program License 
Subscription Agreement, Altera MegaCore Function License 
Agreement, or other applicable license agreement, including, 
without limitation, that your use is for the sole purpose of 
programming logic devices manufactured by Altera and sold by 
Altera or its authorized distributors.  Please refer to the 
applicable agreement for further details.



+------------------------------------------------------------------------------+
; Analysis & Synthesis Summary                                                 ;
+---------------------------------+--------------------------------------------+
; Analysis & Synthesis Status     ; Successful - Fri Jan 03 17:34:28 2020      ;
; Quartus II 64-Bit Version       ; 13.1.0 Build 162 10/23/2013 SJ Web Edition ;
; Revision Name                   ; tpsba                                      ;
; Top-level Entity Name           ; tpsba                                      ;
; Family                          ; Cyclone V                                  ;
; Logic utilization (in ALMs)     ; N/A                                        ;
; Total registers                 ; 127                                        ;
; Total pins                      ; 145                                        ;
; Total virtual pins              ; 0                                          ;
; Total block memory bits         ; 0                                          ;
; Total DSP Blocks                ; 2                                          ;
; Total HSSI RX PCSs              ; 0                                          ;
; Total HSSI PMA RX Deserializers ; 0                                          ;
; Total HSSI TX PCSs              ; 0                                          ;
; Total HSSI TX Channels          ; 0                                          ;
; Total PLLs                      ; 0                                          ;
; Total DLLs                      ; 0                                          ;
+---------------------------------+--------------------------------------------+


+---------------------------------------------------------------------------------------------------------------------------+
; Analysis & Synthesis Settings                                                                                             ;
+---------------------------------------------------------------------------------+--------------------+--------------------+
; Option                                                                          ; Setting            ; Default Value      ;
+---------------------------------------------------------------------------------+--------------------+--------------------+
; Device                                                                          ; 5CSEMA5F31C6       ;                    ;
; Top-level entity name                                                           ; tpsba              ; tpsba              ;
; Family name                                                                     ; Cyclone V          ; Cyclone IV GX      ;
; Use smart compilation                                                           ; Off                ; Off                ;
; Enable parallel Assembler and TimeQuest Timing Analyzer during compilation      ; On                 ; On                 ;
; Enable compact report table                                                     ; Off                ; Off                ;
; Restructure Multiplexers                                                        ; Auto               ; Auto               ;
; MLAB Add Timing Constraints For Mixed-Port Feed-Through Mode Setting Don't Care ; Off                ; Off                ;
; Create Debugging Nodes for IP Cores                                             ; Off                ; Off                ;
; Preserve fewer node names                                                       ; On                 ; On                 ;
; Disable OpenCore Plus hardware evaluation                                       ; Off                ; Off                ;
; Verilog Version                                                                 ; Verilog_2001       ; Verilog_2001       ;
; VHDL Version                                                                    ; VHDL_1993          ; VHDL_1993          ;
; State Machine Processing                                                        ; Auto               ; Auto               ;
; Safe State Machine                                                              ; Off                ; Off                ;
; Extract Verilog State Machines                                                  ; On                 ; On                 ;
; Extract VHDL State Machines                                                     ; On                 ; On                 ;
; Ignore Verilog initial constructs                                               ; Off                ; Off                ;
; Iteration limit for constant Verilog loops                                      ; 5000               ; 5000               ;
; Iteration limit for non-constant Verilog loops                                  ; 250                ; 250                ;
; Add Pass-Through Logic to Inferred RAMs                                         ; On                 ; On                 ;
; Infer RAMs from Raw Logic                                                       ; On                 ; On                 ;
; Parallel Synthesis                                                              ; On                 ; On                 ;
; DSP Block Balancing                                                             ; Auto               ; Auto               ;
; NOT Gate Push-Back                                                              ; On                 ; On                 ;
; Power-Up Don't Care                                                             ; On                 ; On                 ;
; Remove Redundant Logic Cells                                                    ; Off                ; Off                ;
; Remove Duplicate Registers                                                      ; On                 ; On                 ;
; Ignore CARRY Buffers                                                            ; Off                ; Off                ;
; Ignore CASCADE Buffers                                                          ; Off                ; Off                ;
; Ignore GLOBAL Buffers                                                           ; Off                ; Off                ;
; Ignore ROW GLOBAL Buffers                                                       ; Off                ; Off                ;
; Ignore LCELL Buffers                                                            ; Off                ; Off                ;
; Ignore SOFT Buffers                                                             ; On                 ; On                 ;
; Limit AHDL Integers to 32 Bits                                                  ; Off                ; Off                ;
; Optimization Technique                                                          ; Balanced           ; Balanced           ;
; Carry Chain Length                                                              ; 70                 ; 70                 ;
; Auto Carry Chains                                                               ; On                 ; On                 ;
; Auto Open-Drain Pins                                                            ; On                 ; On                 ;
; Perform WYSIWYG Primitive Resynthesis                                           ; Off                ; Off                ;
; Auto ROM Replacement                                                            ; On                 ; On                 ;
; Auto RAM Replacement                                                            ; On                 ; On                 ;
; Auto DSP Block Replacement                                                      ; On                 ; On                 ;
; Auto Shift Register Replacement                                                 ; Auto               ; Auto               ;
; Allow Shift Register Merging across Hierarchies                                 ; Auto               ; Auto               ;
; Auto Clock Enable Replacement                                                   ; On                 ; On                 ;
; Strict RAM Replacement                                                          ; Off                ; Off                ;
; Allow Synchronous Control Signals                                               ; On                 ; On                 ;
; Force Use of Synchronous Clear Signals                                          ; Off                ; Off                ;
; Auto Resource Sharing                                                           ; Off                ; Off                ;
; Allow Any RAM Size For Recognition                                              ; Off                ; Off                ;
; Allow Any ROM Size For Recognition                                              ; Off                ; Off                ;
; Allow Any Shift Register Size For Recognition                                   ; Off                ; Off                ;
; Use LogicLock Constraints during Resource Balancing                             ; On                 ; On                 ;
; Ignore translate_off and synthesis_off directives                               ; Off                ; Off                ;
; Timing-Driven Synthesis                                                         ; On                 ; On                 ;
; Report Parameter Settings                                                       ; On                 ; On                 ;
; Report Source Assignments                                                       ; On                 ; On                 ;
; Report Connectivity Checks                                                      ; On                 ; On                 ;
; Ignore Maximum Fan-Out Assignments                                              ; Off                ; Off                ;
; Synchronization Register Chain Length                                           ; 3                  ; 3                  ;
; PowerPlay Power Optimization                                                    ; Normal compilation ; Normal compilation ;
; HDL message level                                                               ; Level2             ; Level2             ;
; Suppress Register Optimization Related Messages                                 ; Off                ; Off                ;
; Number of Removed Registers Reported in Synthesis Report                        ; 5000               ; 5000               ;
; Number of Swept Nodes Reported in Synthesis Report                              ; 5000               ; 5000               ;
; Number of Inverted Registers Reported in Synthesis Report                       ; 100                ; 100                ;
; Clock MUX Protection                                                            ; On                 ; On                 ;
; Auto Gated Clock Conversion                                                     ; Off                ; Off                ;
; Block Design Naming                                                             ; Auto               ; Auto               ;
; SDC constraint protection                                                       ; Off                ; Off                ;
; Synthesis Effort                                                                ; Auto               ; Auto               ;
; Shift Register Replacement - Allow Asynchronous Clear Signal                    ; On                 ; On                 ;
; Pre-Mapping Resynthesis Optimization                                            ; Off                ; Off                ;
; Analysis & Synthesis Message Level                                              ; Medium             ; Medium             ;
; Disable Register Merging Across Hierarchies                                     ; Auto               ; Auto               ;
; Resource Aware Inference For Block RAM                                          ; On                 ; On                 ;
; Synthesis Seed                                                                  ; 1                  ; 1                  ;
; Automatic Parallel Synthesis                                                    ; On                 ; On                 ;
+---------------------------------------------------------------------------------+--------------------+--------------------+


+------------------------------------------+
; Parallel Compilation                     ;
+----------------------------+-------------+
; Processors                 ; Number      ;
+----------------------------+-------------+
; Number detected on machine ; 4           ;
; Maximum allowed            ; 2           ;
;                            ;             ;
; Average used               ; 1.00        ;
; Maximum used               ; 1           ;
;                            ;             ;
; Usage by Processor         ; % Time Used ;
;     Processor 1            ; 100.0%      ;
;     Processors 2-4         ;   0.0%      ;
+----------------------------+-------------+


+----------------------------------------------------------------------------------------------------------------------+
; Analysis & Synthesis Source Files Read                                                                               ;
+----------------------------------+-----------------+------------------------+------------------------------+---------+
; File Name with User-Entered Path ; Used in Netlist ; File Type              ; File Name with Absolute Path ; Library ;
+----------------------------------+-----------------+------------------------+------------------------------+---------+
; tpsba.v                          ; yes             ; User Verilog HDL File  ; C:/ee314/hw_3/part_c/tpsba.v ;         ;
+----------------------------------+-----------------+------------------------+------------------------------+---------+


+---------------------------------------------------------+
; Analysis & Synthesis Resource Usage Summary             ;
+---------------------------------------------+-----------+
; Resource                                    ; Usage     ;
+---------------------------------------------+-----------+
; Estimate of Logic utilization (ALMs needed) ; 95        ;
;                                             ;           ;
; Combinational ALUT usage for logic          ; 138       ;
;     -- 7 input functions                    ; 0         ;
;     -- 6 input functions                    ; 13        ;
;     -- 5 input functions                    ; 26        ;
;     -- 4 input functions                    ; 10        ;
;     -- <=3 input functions                  ; 89        ;
;                                             ;           ;
; Dedicated logic registers                   ; 127       ;
;                                             ;           ;
; I/O pins                                    ; 145       ;
; Total DSP Blocks                            ; 2         ;
; Maximum fan-out node                        ; clk~input ;
; Maximum fan-out                             ; 127       ;
; Total fan-out                               ; 1290      ;
; Average fan-out                             ; 2.32      ;
+---------------------------------------------+-----------+


+-----------------------------------------------------------------------------------------------------------------------------------------------------------+
; Analysis & Synthesis Resource Utilization by Entity                                                                                                       ;
+----------------------------+-------------------+--------------+-------------------+------------+------+--------------+---------------------+--------------+
; Compilation Hierarchy Node ; LC Combinationals ; LC Registers ; Block Memory Bits ; DSP Blocks ; Pins ; Virtual Pins ; Full Hierarchy Name ; Library Name ;
+----------------------------+-------------------+--------------+-------------------+------------+------+--------------+---------------------+--------------+
; |tpsba                     ; 138 (138)         ; 127 (127)    ; 0                 ; 2          ; 145  ; 0            ; |tpsba              ; work         ;
+----------------------------+-------------------+--------------+-------------------+------------+------+--------------+---------------------+--------------+
Note: For table entries with two numbers listed, the numbers in parentheses indicate the number of resources of the given type used by the specific entity alone. The numbers listed outside of parentheses indicate the total resources of the given type used by the specific entity and all of its sub-entities in the hierarchy.


+-----------------------------------------------------------------------------+
; Analysis & Synthesis DSP Block Usage Summary                                ;
+---------------------+-------------+---------------------+-------------------+
; Statistic           ; Number Used ; Available per Block ; Maximum Available ;
+---------------------+-------------+---------------------+-------------------+
; Independent 18x18   ; 1           ; 2.00                ; --                ;
; Sum of two 18x18    ; 1           ; 1.00                ; --                ;
; DSP Block           ; 2           ; --                  ; --                ;
; DSP 18-bit Element  ; 3           ; 2.00                ; --                ;
; Unsigned Multiplier ; 3           ; --                  ; --                ;
+---------------------+-------------+---------------------+-------------------+


Encoding Type:  One-Hot
+-------------------------------------+
; State Machine - |tpsba|taylor_state ;
+-----------------+-------------------+
; Name            ; taylor_state.01   ;
+-----------------+-------------------+
; taylor_state.00 ; 0                 ;
; taylor_state.01 ; 1                 ;
+-----------------+-------------------+


Encoding Type:  One-Hot
+---------------------------------------------------+
; State Machine - |tpsba|state_2                    ;
+------------+------------+------------+------------+
; Name       ; state_2.00 ; state_2.10 ; state_2.01 ;
+------------+------------+------------+------------+
; state_2.00 ; 0          ; 0          ; 0          ;
; state_2.01 ; 1          ; 0          ; 1          ;
; state_2.10 ; 1          ; 1          ; 0          ;
+------------+------------+------------+------------+


+--------------------------------------------------------------------------------+
; Registers Removed During Synthesis                                             ;
+---------------------------------------+----------------------------------------+
; Register name                         ; Reason for Removal                     ;
+---------------------------------------+----------------------------------------+
; taylor_state~4                        ; Lost fanout                            ;
; count_exp_sin_cos[4]                  ; Stuck at GND due to stuck port data_in ;
; Total Number of Removed Registers = 2 ;                                        ;
+---------------------------------------+----------------------------------------+


+------------------------------------------------------+
; General Register Statistics                          ;
+----------------------------------------------+-------+
; Statistic                                    ; Value ;
+----------------------------------------------+-------+
; Total registers                              ; 127   ;
; Number of registers using Synchronous Clear  ; 46    ;
; Number of registers using Synchronous Load   ; 64    ;
; Number of registers using Asynchronous Clear ; 0     ;
; Number of registers using Asynchronous Load  ; 0     ;
; Number of registers using Clock Enable       ; 118   ;
; Number of registers using Preset             ; 0     ;
+----------------------------------------------+-------+


+--------------------------------------------------+
; Inverted Register Statistics                     ;
+----------------------------------------+---------+
; Inverted Register                      ; Fan out ;
+----------------------------------------+---------+
; out_exp_x[0]~reg0                      ; 4       ;
; count_exp_sin_cos[0]                   ; 15      ;
; count[4]                               ; 5       ;
; Total number of inverted registers = 3 ;         ;
+----------------------------------------+---------+


+------------------------------------------------------------------------------------------------------------------------------------------+
; Multiplexer Restructuring Statistics (Restructuring Performed)                                                                           ;
+--------------------+-----------+---------------+----------------------+------------------------+------------+----------------------------+
; Multiplexer Inputs ; Bus Width ; Baseline Area ; Area if Restructured ; Saving if Restructured ; Registered ; Example Multiplexer Output ;
+--------------------+-----------+---------------+----------------------+------------------------+------------+----------------------------+
; 4:1                ; 16 bits   ; 32 LEs        ; 0 LEs                ; 32 LEs                 ; Yes        ; |tpsba|M[7]                ;
; 6:1                ; 4 bits    ; 16 LEs        ; 4 LEs                ; 12 LEs                 ; Yes        ; |tpsba|count[0]            ;
; 7:1                ; 16 bits   ; 64 LEs        ; 0 LEs                ; 64 LEs                 ; Yes        ; |tpsba|Q[10]               ;
; 13:1               ; 15 bits   ; 120 LEs       ; 0 LEs                ; 120 LEs                ; Yes        ; |tpsba|out_exp_x[11]~reg0  ;
; 13:1               ; 16 bits   ; 128 LEs       ; 0 LEs                ; 128 LEs                ; Yes        ; |tpsba|out_exp_x[22]~reg0  ;
; 9:1                ; 15 bits   ; 90 LEs        ; 30 LEs               ; 60 LEs                 ; Yes        ; |tpsba|A[12]               ;
; 3:1                ; 2 bits    ; 4 LEs         ; 2 LEs                ; 2 LEs                  ; No         ; |tpsba|taylor_state        ;
; 7:1                ; 3 bits    ; 12 LEs        ; 6 LEs                ; 6 LEs                  ; No         ; |tpsba|state_2             ;
+--------------------+-----------+---------------+----------------------+------------------------+------------+----------------------------+


+-------------------------------+
; Elapsed Time Per Partition    ;
+----------------+--------------+
; Partition Name ; Elapsed Time ;
+----------------+--------------+
; Top            ; 00:00:01     ;
+----------------+--------------+


+-------------------------------+
; Analysis & Synthesis Messages ;
+-------------------------------+
Info: *******************************************************************
Info: Running Quartus II 64-Bit Analysis & Synthesis
    Info: Version 13.1.0 Build 162 10/23/2013 SJ Web Edition
    Info: Processing started: Fri Jan 03 17:34:26 2020
Info: Command: quartus_map --read_settings_files=on --write_settings_files=off tpsba -c tpsba
Info (11104): Parallel Compilation has detected 4 hyper-threaded processors. However, the extra hyper-threaded processors will not be used by default. Parallel Compilation will use 2 of the 2 physical processors detected instead.
Info (12021): Found 1 design units, including 1 entities, in source file tpsba.v
    Info (12023): Found entity 1: tpsba
Info (12021): Found 1 design units, including 1 entities, in source file sine_module.v
    Info (12023): Found entity 1: sine_module
Info (12127): Elaborating entity "tpsba" for the top level hierarchy
Warning (10036): Verilog HDL or VHDL warning at tpsba.v(16): object "x" assigned a value but never read
Warning (10855): Verilog HDL warning at tpsba.v(21): initial value for variable M should be constant
Warning (10855): Verilog HDL warning at tpsba.v(21): initial value for variable Q should be constant
Warning (10855): Verilog HDL warning at tpsba.v(21): initial value for variable factorial_table should be constant
Warning (10230): Verilog HDL assignment warning at tpsba.v(62): truncated value with size 32 to match size of target (5)
Warning (10230): Verilog HDL assignment warning at tpsba.v(88): truncated value with size 32 to match size of target (5)
Warning (10230): Verilog HDL assignment warning at tpsba.v(94): truncated value with size 32 to match size of target (5)
Warning (10030): Net "factorial_table[7..1]" at tpsba.v(13) has no driver or initial value, using a default initial value '0'
Warning (10034): Output port "out_sin_x" at tpsba.v(3) has no driver
Warning (10034): Output port "out_cos_x" at tpsba.v(3) has no driver
Warning (13024): Output pins are stuck at VCC or GND
    Warning (13410): Pin "out_sin_x[0]" is stuck at GND
    Warning (13410): Pin "out_sin_x[1]" is stuck at GND
    Warning (13410): Pin "out_sin_x[2]" is stuck at GND
    Warning (13410): Pin "out_sin_x[3]" is stuck at GND
    Warning (13410): Pin "out_sin_x[4]" is stuck at GND
    Warning (13410): Pin "out_sin_x[5]" is stuck at GND
    Warning (13410): Pin "out_sin_x[6]" is stuck at GND
    Warning (13410): Pin "out_sin_x[7]" is stuck at GND
    Warning (13410): Pin "out_sin_x[8]" is stuck at GND
    Warning (13410): Pin "out_sin_x[9]" is stuck at GND
    Warning (13410): Pin "out_sin_x[10]" is stuck at GND
    Warning (13410): Pin "out_sin_x[11]" is stuck at GND
    Warning (13410): Pin "out_sin_x[12]" is stuck at GND
    Warning (13410): Pin "out_sin_x[13]" is stuck at GND
    Warning (13410): Pin "out_sin_x[14]" is stuck at GND
    Warning (13410): Pin "out_sin_x[15]" is stuck at GND
    Warning (13410): Pin "out_sin_x[16]" is stuck at GND
    Warning (13410): Pin "out_sin_x[17]" is stuck at GND
    Warning (13410): Pin "out_sin_x[18]" is stuck at GND
    Warning (13410): Pin "out_sin_x[19]" is stuck at GND
    Warning (13410): Pin "out_sin_x[20]" is stuck at GND
    Warning (13410): Pin "out_sin_x[21]" is stuck at GND
    Warning (13410): Pin "out_sin_x[22]" is stuck at GND
    Warning (13410): Pin "out_sin_x[23]" is stuck at GND
    Warning (13410): Pin "out_sin_x[24]" is stuck at GND
    Warning (13410): Pin "out_sin_x[25]" is stuck at GND
    Warning (13410): Pin "out_sin_x[26]" is stuck at GND
    Warning (13410): Pin "out_sin_x[27]" is stuck at GND
    Warning (13410): Pin "out_sin_x[28]" is stuck at GND
    Warning (13410): Pin "out_sin_x[29]" is stuck at GND
    Warning (13410): Pin "out_sin_x[30]" is stuck at GND
    Warning (13410): Pin "out_sin_x[31]" is stuck at GND
    Warning (13410): Pin "out_cos_x[0]" is stuck at GND
    Warning (13410): Pin "out_cos_x[1]" is stuck at GND
    Warning (13410): Pin "out_cos_x[2]" is stuck at GND
    Warning (13410): Pin "out_cos_x[3]" is stuck at GND
    Warning (13410): Pin "out_cos_x[4]" is stuck at GND
    Warning (13410): Pin "out_cos_x[5]" is stuck at GND
    Warning (13410): Pin "out_cos_x[6]" is stuck at GND
    Warning (13410): Pin "out_cos_x[7]" is stuck at GND
    Warning (13410): Pin "out_cos_x[8]" is stuck at GND
    Warning (13410): Pin "out_cos_x[9]" is stuck at GND
    Warning (13410): Pin "out_cos_x[10]" is stuck at GND
    Warning (13410): Pin "out_cos_x[11]" is stuck at GND
    Warning (13410): Pin "out_cos_x[12]" is stuck at GND
    Warning (13410): Pin "out_cos_x[13]" is stuck at GND
    Warning (13410): Pin "out_cos_x[14]" is stuck at GND
    Warning (13410): Pin "out_cos_x[15]" is stuck at GND
    Warning (13410): Pin "out_cos_x[16]" is stuck at GND
    Warning (13410): Pin "out_cos_x[17]" is stuck at GND
    Warning (13410): Pin "out_cos_x[18]" is stuck at GND
    Warning (13410): Pin "out_cos_x[19]" is stuck at GND
    Warning (13410): Pin "out_cos_x[20]" is stuck at GND
    Warning (13410): Pin "out_cos_x[21]" is stuck at GND
    Warning (13410): Pin "out_cos_x[22]" is stuck at GND
    Warning (13410): Pin "out_cos_x[23]" is stuck at GND
    Warning (13410): Pin "out_cos_x[24]" is stuck at GND
    Warning (13410): Pin "out_cos_x[25]" is stuck at GND
    Warning (13410): Pin "out_cos_x[26]" is stuck at GND
    Warning (13410): Pin "out_cos_x[27]" is stuck at GND
    Warning (13410): Pin "out_cos_x[28]" is stuck at GND
    Warning (13410): Pin "out_cos_x[29]" is stuck at GND
    Warning (13410): Pin "out_cos_x[30]" is stuck at GND
    Warning (13410): Pin "out_cos_x[31]" is stuck at GND
Info (286030): Timing-Driven Synthesis is running
Info (17049): 1 registers lost all their fanouts during netlist optimizations.
Info (144001): Generated suppressed messages file C:/ee314/hw_3/part_c/output_files/tpsba.map.smsg
Info (16010): Generating hard_block partition "hard_block:auto_generated_inst"
    Info (16011): Adding 0 node(s), including 0 DDIO, 0 PLL, 0 transceiver and 0 LCELL
Warning (21074): Design contains 32 input pin(s) that do not drive logic
    Warning (15610): No output dependent on input pin "inp_sin_x[0]"
    Warning (15610): No output dependent on input pin "inp_sin_x[1]"
    Warning (15610): No output dependent on input pin "inp_sin_x[2]"
    Warning (15610): No output dependent on input pin "inp_sin_x[3]"
    Warning (15610): No output dependent on input pin "inp_sin_x[4]"
    Warning (15610): No output dependent on input pin "inp_sin_x[5]"
    Warning (15610): No output dependent on input pin "inp_sin_x[6]"
    Warning (15610): No output dependent on input pin "inp_sin_x[7]"
    Warning (15610): No output dependent on input pin "inp_sin_x[8]"
    Warning (15610): No output dependent on input pin "inp_sin_x[9]"
    Warning (15610): No output dependent on input pin "inp_sin_x[10]"
    Warning (15610): No output dependent on input pin "inp_sin_x[11]"
    Warning (15610): No output dependent on input pin "inp_sin_x[12]"
    Warning (15610): No output dependent on input pin "inp_sin_x[13]"
    Warning (15610): No output dependent on input pin "inp_sin_x[14]"
    Warning (15610): No output dependent on input pin "inp_sin_x[15]"
    Warning (15610): No output dependent on input pin "inp_cos_x[0]"
    Warning (15610): No output dependent on input pin "inp_cos_x[1]"
    Warning (15610): No output dependent on input pin "inp_cos_x[2]"
    Warning (15610): No output dependent on input pin "inp_cos_x[3]"
    Warning (15610): No output dependent on input pin "inp_cos_x[4]"
    Warning (15610): No output dependent on input pin "inp_cos_x[5]"
    Warning (15610): No output dependent on input pin "inp_cos_x[6]"
    Warning (15610): No output dependent on input pin "inp_cos_x[7]"
    Warning (15610): No output dependent on input pin "inp_cos_x[8]"
    Warning (15610): No output dependent on input pin "inp_cos_x[9]"
    Warning (15610): No output dependent on input pin "inp_cos_x[10]"
    Warning (15610): No output dependent on input pin "inp_cos_x[11]"
    Warning (15610): No output dependent on input pin "inp_cos_x[12]"
    Warning (15610): No output dependent on input pin "inp_cos_x[13]"
    Warning (15610): No output dependent on input pin "inp_cos_x[14]"
    Warning (15610): No output dependent on input pin "inp_cos_x[15]"
Info (21057): Implemented 351 device resources after synthesis - the final resource count might be different
    Info (21058): Implemented 49 input pins
    Info (21059): Implemented 96 output pins
    Info (21061): Implemented 204 logic cells
    Info (21062): Implemented 2 DSP elements
Info: Quartus II 64-Bit Analysis & Synthesis was successful. 0 errors, 108 warnings
    Info: Peak virtual memory: 4690 megabytes
    Info: Processing ended: Fri Jan 03 17:34:28 2020
    Info: Elapsed time: 00:00:02
    Info: Total CPU time (on all processors): 00:00:02


+------------------------------------------+
; Analysis & Synthesis Suppressed Messages ;
+------------------------------------------+
The suppressed messages can be found in C:/ee314/hw_3/part_c/output_files/tpsba.map.smsg.


