Analysis & Synthesis report for hw_3
Sat Jan 04 00:35:28 2020
Quartus II 64-Bit Version 13.1.0 Build 162 10/23/2013 SJ Web Edition


---------------------
; Table of Contents ;
---------------------
  1. Legal Notice
  2. Analysis & Synthesis Summary
  3. Analysis & Synthesis Settings
  4. Parallel Compilation
  5. Analysis & Synthesis Source Files Read
  6. Analysis & Synthesis Resource Usage Summary
  7. Analysis & Synthesis Resource Utilization by Entity
  8. Registers Removed During Synthesis
  9. Removed Registers Triggering Further Register Optimizations
 10. General Register Statistics
 11. Elapsed Time Per Partition
 12. Analysis & Synthesis Messages
 13. Analysis & Synthesis Suppressed Messages



----------------
; Legal Notice ;
----------------
Copyright (C) 1991-2013 Altera Corporation
Your use of Altera Corporation's design tools, logic functions 
and other software and tools, and its AMPP partner logic 
functions, and any output files from any of the foregoing 
(including device programming or simulation files), and any 
associated documentation or information are expressly subject 
to the terms and conditions of the Altera Program License 
Subscription Agreement, Altera MegaCore Function License 
Agreement, or other applicable license agreement, including, 
without limitation, that your use is for the sole purpose of 
programming logic devices manufactured by Altera and sold by 
Altera or its authorized distributors.  Please refer to the 
applicable agreement for further details.



+------------------------------------------------------------------------------+
; Analysis & Synthesis Summary                                                 ;
+---------------------------------+--------------------------------------------+
; Analysis & Synthesis Status     ; Successful - Sat Jan 04 00:35:27 2020      ;
; Quartus II 64-Bit Version       ; 13.1.0 Build 162 10/23/2013 SJ Web Edition ;
; Revision Name                   ; hw_3                                       ;
; Top-level Entity Name           ; hw_3                                       ;
; Family                          ; Cyclone V                                  ;
; Logic utilization (in ALMs)     ; N/A                                        ;
; Total registers                 ; 0                                          ;
; Total pins                      ; 69                                         ;
; Total virtual pins              ; 0                                          ;
; Total block memory bits         ; 0                                          ;
; Total DSP Blocks                ; 0                                          ;
; Total HSSI RX PCSs              ; 0                                          ;
; Total HSSI PMA RX Deserializers ; 0                                          ;
; Total HSSI TX PCSs              ; 0                                          ;
; Total HSSI TX Channels          ; 0                                          ;
; Total PLLs                      ; 0                                          ;
; Total DLLs                      ; 0                                          ;
+---------------------------------+--------------------------------------------+


+---------------------------------------------------------------------------------------------------------------------------+
; Analysis & Synthesis Settings                                                                                             ;
+---------------------------------------------------------------------------------+--------------------+--------------------+
; Option                                                                          ; Setting            ; Default Value      ;
+---------------------------------------------------------------------------------+--------------------+--------------------+
; Device                                                                          ; 5CSEMA5F31C6       ;                    ;
; Top-level entity name                                                           ; hw_3               ; hw_3               ;
; Family name                                                                     ; Cyclone V          ; Cyclone IV GX      ;
; Use smart compilation                                                           ; Off                ; Off                ;
; Enable parallel Assembler and TimeQuest Timing Analyzer during compilation      ; On                 ; On                 ;
; Enable compact report table                                                     ; Off                ; Off                ;
; Restructure Multiplexers                                                        ; Auto               ; Auto               ;
; MLAB Add Timing Constraints For Mixed-Port Feed-Through Mode Setting Don't Care ; Off                ; Off                ;
; Create Debugging Nodes for IP Cores                                             ; Off                ; Off                ;
; Preserve fewer node names                                                       ; On                 ; On                 ;
; Disable OpenCore Plus hardware evaluation                                       ; Off                ; Off                ;
; Verilog Version                                                                 ; Verilog_2001       ; Verilog_2001       ;
; VHDL Version                                                                    ; VHDL_1993          ; VHDL_1993          ;
; State Machine Processing                                                        ; Auto               ; Auto               ;
; Safe State Machine                                                              ; Off                ; Off                ;
; Extract Verilog State Machines                                                  ; On                 ; On                 ;
; Extract VHDL State Machines                                                     ; On                 ; On                 ;
; Ignore Verilog initial constructs                                               ; Off                ; Off                ;
; Iteration limit for constant Verilog loops                                      ; 5000               ; 5000               ;
; Iteration limit for non-constant Verilog loops                                  ; 250                ; 250                ;
; Add Pass-Through Logic to Inferred RAMs                                         ; On                 ; On                 ;
; Infer RAMs from Raw Logic                                                       ; On                 ; On                 ;
; Parallel Synthesis                                                              ; On                 ; On                 ;
; DSP Block Balancing                                                             ; Auto               ; Auto               ;
; NOT Gate Push-Back                                                              ; On                 ; On                 ;
; Power-Up Don't Care                                                             ; On                 ; On                 ;
; Remove Redundant Logic Cells                                                    ; Off                ; Off                ;
; Remove Duplicate Registers                                                      ; On                 ; On                 ;
; Ignore CARRY Buffers                                                            ; Off                ; Off                ;
; Ignore CASCADE Buffers                                                          ; Off                ; Off                ;
; Ignore GLOBAL Buffers                                                           ; Off                ; Off                ;
; Ignore ROW GLOBAL Buffers                                                       ; Off                ; Off                ;
; Ignore LCELL Buffers                                                            ; Off                ; Off                ;
; Ignore SOFT Buffers                                                             ; On                 ; On                 ;
; Limit AHDL Integers to 32 Bits                                                  ; Off                ; Off                ;
; Optimization Technique                                                          ; Balanced           ; Balanced           ;
; Carry Chain Length                                                              ; 70                 ; 70                 ;
; Auto Carry Chains                                                               ; On                 ; On                 ;
; Auto Open-Drain Pins                                                            ; On                 ; On                 ;
; Perform WYSIWYG Primitive Resynthesis                                           ; Off                ; Off                ;
; Auto ROM Replacement                                                            ; On                 ; On                 ;
; Auto RAM Replacement                                                            ; On                 ; On                 ;
; Auto DSP Block Replacement                                                      ; On                 ; On                 ;
; Auto Shift Register Replacement                                                 ; Auto               ; Auto               ;
; Allow Shift Register Merging across Hierarchies                                 ; Auto               ; Auto               ;
; Auto Clock Enable Replacement                                                   ; On                 ; On                 ;
; Strict RAM Replacement                                                          ; Off                ; Off                ;
; Allow Synchronous Control Signals                                               ; On                 ; On                 ;
; Force Use of Synchronous Clear Signals                                          ; Off                ; Off                ;
; Auto Resource Sharing                                                           ; Off                ; Off                ;
; Allow Any RAM Size For Recognition                                              ; Off                ; Off                ;
; Allow Any ROM Size For Recognition                                              ; Off                ; Off                ;
; Allow Any Shift Register Size For Recognition                                   ; Off                ; Off                ;
; Use LogicLock Constraints during Resource Balancing                             ; On                 ; On                 ;
; Ignore translate_off and synthesis_off directives                               ; Off                ; Off                ;
; Timing-Driven Synthesis                                                         ; On                 ; On                 ;
; Report Parameter Settings                                                       ; On                 ; On                 ;
; Report Source Assignments                                                       ; On                 ; On                 ;
; Report Connectivity Checks                                                      ; On                 ; On                 ;
; Ignore Maximum Fan-Out Assignments                                              ; Off                ; Off                ;
; Synchronization Register Chain Length                                           ; 3                  ; 3                  ;
; PowerPlay Power Optimization                                                    ; Normal compilation ; Normal compilation ;
; HDL message level                                                               ; Level2             ; Level2             ;
; Suppress Register Optimization Related Messages                                 ; Off                ; Off                ;
; Number of Removed Registers Reported in Synthesis Report                        ; 5000               ; 5000               ;
; Number of Swept Nodes Reported in Synthesis Report                              ; 5000               ; 5000               ;
; Number of Inverted Registers Reported in Synthesis Report                       ; 100                ; 100                ;
; Clock MUX Protection                                                            ; On                 ; On                 ;
; Auto Gated Clock Conversion                                                     ; Off                ; Off                ;
; Block Design Naming                                                             ; Auto               ; Auto               ;
; SDC constraint protection                                                       ; Off                ; Off                ;
; Synthesis Effort                                                                ; Auto               ; Auto               ;
; Shift Register Replacement - Allow Asynchronous Clear Signal                    ; On                 ; On                 ;
; Pre-Mapping Resynthesis Optimization                                            ; Off                ; Off                ;
; Analysis & Synthesis Message Level                                              ; Medium             ; Medium             ;
; Disable Register Merging Across Hierarchies                                     ; Auto               ; Auto               ;
; Resource Aware Inference For Block RAM                                          ; On                 ; On                 ;
; Synthesis Seed                                                                  ; 1                  ; 1                  ;
; Automatic Parallel Synthesis                                                    ; On                 ; On                 ;
+---------------------------------------------------------------------------------+--------------------+--------------------+


+------------------------------------------+
; Parallel Compilation                     ;
+----------------------------+-------------+
; Processors                 ; Number      ;
+----------------------------+-------------+
; Number detected on machine ; 4           ;
; Maximum allowed            ; 2           ;
;                            ;             ;
; Average used               ; 1.00        ;
; Maximum used               ; 1           ;
;                            ;             ;
; Usage by Processor         ; % Time Used ;
;     Processor 1            ; 100.0%      ;
;     Processors 2-4         ;   0.0%      ;
+----------------------------+-------------+


+----------------------------------------------------------------------------------------------------------------------------------+
; Analysis & Synthesis Source Files Read                                                                                           ;
+----------------------------------+-----------------+------------------------+------------------------------------------+---------+
; File Name with User-Entered Path ; Used in Netlist ; File Type              ; File Name with Absolute Path             ; Library ;
+----------------------------------+-----------------+------------------------+------------------------------------------+---------+
; booth's_algorithm.v              ; yes             ; User Verilog HDL File  ; C:/ee314/hw_3/part_a/booth's_algorithm.v ;         ;
+----------------------------------+-----------------+------------------------+------------------------------------------+---------+


+-----------------------------------------------------------------+
; Analysis & Synthesis Resource Usage Summary                     ;
+---------------------------------------------+-------------------+
; Resource                                    ; Usage             ;
+---------------------------------------------+-------------------+
; Estimate of Logic utilization (ALMs needed) ; 0                 ;
;                                             ;                   ;
; Combinational ALUT usage for logic          ; 0                 ;
;     -- 7 input functions                    ; 0                 ;
;     -- 6 input functions                    ; 0                 ;
;     -- 5 input functions                    ; 0                 ;
;     -- 4 input functions                    ; 0                 ;
;     -- <=3 input functions                  ; 0                 ;
;                                             ;                   ;
; Dedicated logic registers                   ; 0                 ;
;                                             ;                   ;
; I/O pins                                    ; 69                ;
; Total DSP Blocks                            ; 0                 ;
; Maximum fan-out node                        ; product[0]~output ;
; Maximum fan-out                             ; 1                 ;
; Total fan-out                               ; 69                ;
; Average fan-out                             ; 0.50              ;
+---------------------------------------------+-------------------+


+-----------------------------------------------------------------------------------------------------------------------------------------------------------+
; Analysis & Synthesis Resource Utilization by Entity                                                                                                       ;
+----------------------------+-------------------+--------------+-------------------+------------+------+--------------+---------------------+--------------+
; Compilation Hierarchy Node ; LC Combinationals ; LC Registers ; Block Memory Bits ; DSP Blocks ; Pins ; Virtual Pins ; Full Hierarchy Name ; Library Name ;
+----------------------------+-------------------+--------------+-------------------+------------+------+--------------+---------------------+--------------+
; |hw_3                      ; 0 (0)             ; 0 (0)        ; 0                 ; 0          ; 69   ; 0            ; |hw_3               ; work         ;
+----------------------------+-------------------+--------------+-------------------+------------+------+--------------+---------------------+--------------+
Note: For table entries with two numbers listed, the numbers in parentheses indicate the number of resources of the given type used by the specific entity alone. The numbers listed outside of parentheses indicate the total resources of the given type used by the specific entity and all of its sub-entities in the hierarchy.


+---------------------------------------------------------------------------------+
; Registers Removed During Synthesis                                              ;
+----------------------------------------+----------------------------------------+
; Register name                          ; Reason for Removal                     ;
+----------------------------------------+----------------------------------------+
; Q_1                                    ; Lost fanout                            ;
; A[15]                                  ; Stuck at GND due to stuck port data_in ;
; product[31]~reg0                       ; Stuck at GND due to stuck port data_in ;
; A[14]                                  ; Stuck at GND due to stuck port data_in ;
; product[30]~reg0                       ; Stuck at GND due to stuck port data_in ;
; A[13]                                  ; Stuck at GND due to stuck port data_in ;
; product[29]~reg0                       ; Stuck at GND due to stuck port data_in ;
; A[12]                                  ; Stuck at GND due to stuck port data_in ;
; product[28]~reg0                       ; Stuck at GND due to stuck port data_in ;
; A[11]                                  ; Stuck at GND due to stuck port data_in ;
; product[27]~reg0                       ; Stuck at GND due to stuck port data_in ;
; A[10]                                  ; Stuck at GND due to stuck port data_in ;
; product[26]~reg0                       ; Stuck at GND due to stuck port data_in ;
; A[9]                                   ; Stuck at GND due to stuck port data_in ;
; product[25]~reg0                       ; Stuck at GND due to stuck port data_in ;
; A[8]                                   ; Stuck at GND due to stuck port data_in ;
; product[24]~reg0                       ; Stuck at GND due to stuck port data_in ;
; A[7]                                   ; Stuck at GND due to stuck port data_in ;
; product[23]~reg0                       ; Stuck at GND due to stuck port data_in ;
; A[6]                                   ; Stuck at GND due to stuck port data_in ;
; product[22]~reg0                       ; Stuck at GND due to stuck port data_in ;
; A[5]                                   ; Stuck at GND due to stuck port data_in ;
; product[21]~reg0                       ; Stuck at GND due to stuck port data_in ;
; A[4]                                   ; Stuck at GND due to stuck port data_in ;
; product[20]~reg0                       ; Stuck at GND due to stuck port data_in ;
; A[3]                                   ; Stuck at GND due to stuck port data_in ;
; product[19]~reg0                       ; Stuck at GND due to stuck port data_in ;
; A[2]                                   ; Stuck at GND due to stuck port data_in ;
; product[18]~reg0                       ; Stuck at GND due to stuck port data_in ;
; A[1]                                   ; Stuck at GND due to stuck port data_in ;
; product[17]~reg0                       ; Stuck at GND due to stuck port data_in ;
; A[0]                                   ; Stuck at GND due to stuck port data_in ;
; product[16]~reg0                       ; Stuck at GND due to stuck port data_in ;
; Q[15]                                  ; Stuck at GND due to stuck port data_in ;
; product[15]~reg0                       ; Stuck at GND due to stuck port data_in ;
; Q[14]                                  ; Stuck at GND due to stuck port data_in ;
; product[14]~reg0                       ; Stuck at GND due to stuck port data_in ;
; Q[13]                                  ; Stuck at GND due to stuck port data_in ;
; product[13]~reg0                       ; Stuck at GND due to stuck port data_in ;
; Q[12]                                  ; Stuck at GND due to stuck port data_in ;
; product[12]~reg0                       ; Stuck at GND due to stuck port data_in ;
; Q[11]                                  ; Stuck at GND due to stuck port data_in ;
; product[11]~reg0                       ; Stuck at GND due to stuck port data_in ;
; Q[10]                                  ; Stuck at GND due to stuck port data_in ;
; product[10]~reg0                       ; Stuck at GND due to stuck port data_in ;
; Q[9]                                   ; Stuck at GND due to stuck port data_in ;
; product[9]~reg0                        ; Stuck at GND due to stuck port data_in ;
; Q[8]                                   ; Stuck at GND due to stuck port data_in ;
; product[8]~reg0                        ; Stuck at GND due to stuck port data_in ;
; Q[7]                                   ; Stuck at GND due to stuck port data_in ;
; product[7]~reg0                        ; Stuck at GND due to stuck port data_in ;
; Q[6]                                   ; Stuck at GND due to stuck port data_in ;
; product[6]~reg0                        ; Stuck at GND due to stuck port data_in ;
; Q[5]                                   ; Stuck at GND due to stuck port data_in ;
; product[5]~reg0                        ; Stuck at GND due to stuck port data_in ;
; Q[4]                                   ; Stuck at GND due to stuck port data_in ;
; product[4]~reg0                        ; Stuck at GND due to stuck port data_in ;
; Q[3]                                   ; Stuck at GND due to stuck port data_in ;
; product[3]~reg0                        ; Stuck at GND due to stuck port data_in ;
; Q[2]                                   ; Stuck at GND due to stuck port data_in ;
; product[2]~reg0                        ; Stuck at GND due to stuck port data_in ;
; Q[1]                                   ; Stuck at GND due to stuck port data_in ;
; product[1]~reg0                        ; Stuck at GND due to stuck port data_in ;
; Q[0]                                   ; Stuck at GND due to stuck port data_in ;
; product[0]~reg0                        ; Stuck at GND due to stuck port data_in ;
; count[0..4]                            ; Lost fanout                            ;
; state                                  ; Lost fanout                            ;
; Total Number of Removed Registers = 71 ;                                        ;
+----------------------------------------+----------------------------------------+


+---------------------------------------------------------------------------------------------------------------------------------------------+
; Removed Registers Triggering Further Register Optimizations                                                                                 ;
+---------------+---------------------------+-------------------------------------------------------------------------------------------------+
; Register name ; Reason for Removal        ; Registers Removed due to This Register                                                          ;
+---------------+---------------------------+-------------------------------------------------------------------------------------------------+
; A[15]         ; Stuck at GND              ; product[31]~reg0, A[14], product[30]~reg0, A[13], product[29]~reg0, A[12], product[28]~reg0,    ;
;               ; due to stuck port data_in ; A[11], product[27]~reg0, A[10], product[26]~reg0, A[9], product[25]~reg0, A[8],                 ;
;               ;                           ; product[24]~reg0, A[7], product[23]~reg0, A[6], product[22]~reg0, A[5], product[21]~reg0, A[4], ;
;               ;                           ; product[20]~reg0, A[3], product[19]~reg0, A[2], product[18]~reg0, A[1], product[17]~reg0, A[0], ;
;               ;                           ; product[16]~reg0, Q[15], product[15]~reg0, Q[14], product[14]~reg0, Q[13], product[13]~reg0,    ;
;               ;                           ; Q[12], product[12]~reg0, Q[11], product[11]~reg0, Q[10], product[10]~reg0, Q[9],                ;
;               ;                           ; product[9]~reg0, Q[8], product[8]~reg0, Q[7], product[7]~reg0, Q[6], product[6]~reg0, Q[5],     ;
;               ;                           ; product[5]~reg0, Q[4], product[4]~reg0, Q[3], product[3]~reg0, Q[2], product[2]~reg0, Q[1],     ;
;               ;                           ; product[1]~reg0, Q[0], product[0]~reg0, count[0], count[1], count[2], count[3], count[4]        ;
; Q_1           ; Lost Fanouts              ; state                                                                                           ;
+---------------+---------------------------+-------------------------------------------------------------------------------------------------+


+------------------------------------------------------+
; General Register Statistics                          ;
+----------------------------------------------+-------+
; Statistic                                    ; Value ;
+----------------------------------------------+-------+
; Total registers                              ; 0     ;
; Number of registers using Synchronous Clear  ; 0     ;
; Number of registers using Synchronous Load   ; 0     ;
; Number of registers using Asynchronous Clear ; 0     ;
; Number of registers using Asynchronous Load  ; 0     ;
; Number of registers using Clock Enable       ; 0     ;
; Number of registers using Preset             ; 0     ;
+----------------------------------------------+-------+


+-------------------------------+
; Elapsed Time Per Partition    ;
+----------------+--------------+
; Partition Name ; Elapsed Time ;
+----------------+--------------+
; Top            ; 00:00:00     ;
+----------------+--------------+


+-------------------------------+
; Analysis & Synthesis Messages ;
+-------------------------------+
Info: *******************************************************************
Info: Running Quartus II 64-Bit Analysis & Synthesis
    Info: Version 13.1.0 Build 162 10/23/2013 SJ Web Edition
    Info: Processing started: Sat Jan 04 00:35:23 2020
Info: Command: quartus_map --read_settings_files=on --write_settings_files=off hw_3 -c hw_3
Info (11104): Parallel Compilation has detected 4 hyper-threaded processors. However, the extra hyper-threaded processors will not be used by default. Parallel Compilation will use 2 of the 2 physical processors detected instead.
Info (12021): Found 1 design units, including 1 entities, in source file booth's_algorithm.v
    Info (12023): Found entity 1: hw_3
Warning (12019): Can't analyze file -- file factorial.v is missing
Info (12127): Elaborating entity "hw_3" for the top level hierarchy
Warning (10855): Verilog HDL warning at booth's_algorithm.v(13): initial value for variable M should be constant
Warning (10855): Verilog HDL warning at booth's_algorithm.v(13): initial value for variable Q should be constant
Warning (10230): Verilog HDL assignment warning at booth's_algorithm.v(38): truncated value with size 32 to match size of target (5)
Warning (10030): Net "M" at booth's_algorithm.v(7) has no driver or initial value, using a default initial value '0'
Warning (13024): Output pins are stuck at VCC or GND
    Warning (13410): Pin "product[0]" is stuck at GND
    Warning (13410): Pin "product[1]" is stuck at GND
    Warning (13410): Pin "product[2]" is stuck at GND
    Warning (13410): Pin "product[3]" is stuck at GND
    Warning (13410): Pin "product[4]" is stuck at GND
    Warning (13410): Pin "product[5]" is stuck at GND
    Warning (13410): Pin "product[6]" is stuck at GND
    Warning (13410): Pin "product[7]" is stuck at GND
    Warning (13410): Pin "product[8]" is stuck at GND
    Warning (13410): Pin "product[9]" is stuck at GND
    Warning (13410): Pin "product[10]" is stuck at GND
    Warning (13410): Pin "product[11]" is stuck at GND
    Warning (13410): Pin "product[12]" is stuck at GND
    Warning (13410): Pin "product[13]" is stuck at GND
    Warning (13410): Pin "product[14]" is stuck at GND
    Warning (13410): Pin "product[15]" is stuck at GND
    Warning (13410): Pin "product[16]" is stuck at GND
    Warning (13410): Pin "product[17]" is stuck at GND
    Warning (13410): Pin "product[18]" is stuck at GND
    Warning (13410): Pin "product[19]" is stuck at GND
    Warning (13410): Pin "product[20]" is stuck at GND
    Warning (13410): Pin "product[21]" is stuck at GND
    Warning (13410): Pin "product[22]" is stuck at GND
    Warning (13410): Pin "product[23]" is stuck at GND
    Warning (13410): Pin "product[24]" is stuck at GND
    Warning (13410): Pin "product[25]" is stuck at GND
    Warning (13410): Pin "product[26]" is stuck at GND
    Warning (13410): Pin "product[27]" is stuck at GND
    Warning (13410): Pin "product[28]" is stuck at GND
    Warning (13410): Pin "product[29]" is stuck at GND
    Warning (13410): Pin "product[30]" is stuck at GND
    Warning (13410): Pin "product[31]" is stuck at GND
Info (17049): 7 registers lost all their fanouts during netlist optimizations.
Info (144001): Generated suppressed messages file C:/ee314/hw_3/part_a/output_files/hw_3.map.smsg
Info (16010): Generating hard_block partition "hard_block:auto_generated_inst"
    Info (16011): Adding 0 node(s), including 0 DDIO, 0 PLL, 0 transceiver and 0 LCELL
Warning (21074): Design contains 37 input pin(s) that do not drive logic
    Warning (15610): No output dependent on input pin "Multiplicand[0]"
    Warning (15610): No output dependent on input pin "Multiplicand[1]"
    Warning (15610): No output dependent on input pin "Multiplicand[2]"
    Warning (15610): No output dependent on input pin "Multiplicand[3]"
    Warning (15610): No output dependent on input pin "Multiplicand[4]"
    Warning (15610): No output dependent on input pin "Multiplicand[5]"
    Warning (15610): No output dependent on input pin "Multiplicand[6]"
    Warning (15610): No output dependent on input pin "Multiplicand[7]"
    Warning (15610): No output dependent on input pin "Multiplicand[8]"
    Warning (15610): No output dependent on input pin "Multiplicand[9]"
    Warning (15610): No output dependent on input pin "Multiplicand[10]"
    Warning (15610): No output dependent on input pin "Multiplicand[11]"
    Warning (15610): No output dependent on input pin "Multiplicand[12]"
    Warning (15610): No output dependent on input pin "Multiplicand[13]"
    Warning (15610): No output dependent on input pin "Multiplicand[14]"
    Warning (15610): No output dependent on input pin "Multiplicand[15]"
    Warning (15610): No output dependent on input pin "Multiplier[0]"
    Warning (15610): No output dependent on input pin "Multiplier[1]"
    Warning (15610): No output dependent on input pin "Multiplier[2]"
    Warning (15610): No output dependent on input pin "Multiplier[3]"
    Warning (15610): No output dependent on input pin "Multiplier[4]"
    Warning (15610): No output dependent on input pin "Multiplier[5]"
    Warning (15610): No output dependent on input pin "Multiplier[6]"
    Warning (15610): No output dependent on input pin "Multiplier[7]"
    Warning (15610): No output dependent on input pin "Multiplier[8]"
    Warning (15610): No output dependent on input pin "Multiplier[9]"
    Warning (15610): No output dependent on input pin "Multiplier[10]"
    Warning (15610): No output dependent on input pin "Multiplier[11]"
    Warning (15610): No output dependent on input pin "Multiplier[12]"
    Warning (15610): No output dependent on input pin "Multiplier[13]"
    Warning (15610): No output dependent on input pin "Multiplier[14]"
    Warning (15610): No output dependent on input pin "Multiplier[15]"
    Warning (15610): No output dependent on input pin "clk"
    Warning (15610): No output dependent on input pin "bit_range[0]"
    Warning (15610): No output dependent on input pin "bit_range[1]"
    Warning (15610): No output dependent on input pin "bit_range[2]"
    Warning (15610): No output dependent on input pin "bit_range[3]"
Info (21057): Implemented 69 device resources after synthesis - the final resource count might be different
    Info (21058): Implemented 37 input pins
    Info (21059): Implemented 32 output pins
Info: Quartus II 64-Bit Analysis & Synthesis was successful. 0 errors, 76 warnings
    Info: Peak virtual memory: 4694 megabytes
    Info: Processing ended: Sat Jan 04 00:35:28 2020
    Info: Elapsed time: 00:00:05
    Info: Total CPU time (on all processors): 00:00:02


+------------------------------------------+
; Analysis & Synthesis Suppressed Messages ;
+------------------------------------------+
The suppressed messages can be found in C:/ee314/hw_3/part_a/output_files/hw_3.map.smsg.


